FAIL ./balanced_parenthesis.test.js
  Balanced Parenthesis check
    ✓ should return a boolean (3 ms)
    ✓ should return true for empty arguments (1 ms)
    ✓ should return true for "{}"
    ✓ should return true for "[]"
    ✓ should return true for "()" (1 ms)
    ✓ should return false for "(}"
    ✓ should return false for "()}"
    ✕ should pass the suite of tests from ReadMe (2 ms)

  ● Balanced Parenthesis check › should pass the suite of tests from ReadMe

    expect(received).toBeFalsy()

    Received: true

      36 |   
      37 |   it('should pass the suite of tests from ReadMe', () => {
    > 38 |     expect(isBalanced('{{)(}}')).toBeFalsy();
         |                                  ^
      39 |     expect(isBalanced('({)}')).toBeFalsy();
      40 |     expect(isBalanced('[({})]')).toBeTruthy();
      41 |     expect(isBalanced('{}([])')).toBeTruthy();

      at Object.<anonymous> (balanced_parenthesis.test.js:38:34)

Test Suites: 1 failed, 1 total
Tests:       1 failed, 7 passed, 8 total
Snapshots:   0 total
Time:        1.552 s
Ran all test suites.
npm ERR! code ELIFECYCLE
npm ERR! errno 1
npm ERR! @ test: `jest --coverage`
npm ERR! Exit status 1
npm ERR! 
npm ERR! Failed at the @ test script.
npm ERR! This is probably not a problem with npm. There is likely additional logging output above.

npm ERR! A complete log of this run can be found in:
npm ERR!     /home/sandbox/.npm/_logs/2023-02-11T23_04_55_944Z-debug.log
